<?xml version="1.0" encoding="UTF-8"?>
<!-- Generated by org.testng.reporters.JUnitXMLReporter -->
<testsuite hostname="LAPTOP-TT66OHT2" ignored="0" name="Test1" tests="216" failures="2" timestamp="2019-12-28T14:55:49 CST" time="3.267" errors="0">
  <testcase name="parameterIntTest" time="0.052" classname="testng.DataProviderTest1"/>
  <testcase name="parameterIntTest" time="0.052" classname="testng.DataProviderTest1"/>
  <testcase name="parameterIntTest" time="0.052" classname="testng.DataProviderTest1"/>
  <testcase name="parameterIntTest" time="0.051" classname="testng.DataProviderTest1"/>
  <testcase name="parameterIntTest" time="0.052" classname="testng.DataProviderTest1"/>
  <testcase name="b" time="0.002" classname="testng.TestngTest2"/>
  <testcase name="c" time="0.002" classname="testng.TestngTest2"/>
  <testcase name="f1" time="0.002" classname="testng.TestngTest2"/>
  <testcase name="f" time="0.004" classname="testng.TestngTest"/>
  <testcase name="parameterIntTest" time="0.003" classname="testng.DataProviderTest2"/>
  <testcase name="parameterIntTest" time="0.004" classname="testng.DataProviderTest2"/>
  <testcase name="parameterIntTest" time="0.004" classname="testng.DataProviderTest2"/>
  <testcase name="parameterIntTest" time="0.004" classname="testng.DataProviderTest2"/>
  <testcase name="parameterIntTest" time="0.005" classname="testng.DataProviderTest2"/>
  <testcase name="parameterIntTest" time="0.006" classname="testng.DataProviderTest2"/>
  <testcase name="parameterIntTest" time="0.006" classname="testng.DataProviderTest2"/>
  <testcase name="parameterIntTest" time="0.007" classname="testng.DataProviderTest2"/>
  <testcase name="parameterIntTest" time="0.008" classname="testng.DataProviderTest2"/>
  <testcase name="parameterIntTest" time="0.009" classname="testng.DataProviderTest2"/>
  <testcase name="parameterIntTest" time="0.004" classname="testng.DataProviderTest2"/>
  <testcase name="parameterIntTest" time="0.008" classname="testng.DataProviderTest2"/>
  <testcase name="parameterIntTest" time="0.009" classname="testng.DataProviderTest2"/>
  <testcase name="parameterIntTest" time="0.007" classname="testng.DataProviderTest2"/>
  <testcase name="parameterIntTest" time="0.018" classname="testng.DataProviderTest2"/>
  <testcase name="parameterIntTest" time="0.007" classname="testng.DataProviderTest2"/>
  <testcase name="parameterIntTest" time="0.008" classname="testng.DataProviderTest2"/>
  <testcase name="parameterIntTest" time="0.003" classname="testng.DataProviderTest2"/>
  <testcase name="parameterIntTest" time="0.023" classname="testng.DataProviderTest2"/>
  <testcase name="parameterIntTest" time="0.022" classname="testng.DataProviderTest2"/>
  <testcase name="parameterIntTest" time="0.007" classname="testng.DataProviderTest2"/>
  <testcase name="parameterIntTest" time="0.009" classname="testng.DataProviderTest2"/>
  <testcase name="parameterIntTest" time="0.003" classname="testng.DataProviderTest2"/>
  <testcase name="parameterIntTest" time="0.018" classname="testng.DataProviderTest2"/>
  <testcase name="parameterIntTest" time="0.003" classname="testng.DataProviderTest2"/>
  <testcase name="parameterIntTest" time="0.003" classname="testng.DataProviderTest2"/>
  <testcase name="parameterIntTest" time="0.008" classname="testng.DataProviderTest2"/>
  <testcase name="parameterIntTest" time="0.007" classname="testng.DataProviderTest2"/>
  <testcase name="parameterIntTest" time="0.023" classname="testng.DataProviderTest2"/>
  <testcase name="parameterIntTest" time="0.003" classname="testng.DataProviderTest2"/>
  <testcase name="parameterIntTest" time="0.032" classname="testng.DataProviderTest2"/>
  <testcase name="parameterIntTest" time="0.004" classname="testng.DataProviderTest2"/>
  <testcase name="parameterIntTest" time="0.025" classname="testng.DataProviderTest2"/>
  <testcase name="parameterIntTest" time="0.002" classname="testng.DataProviderTest2"/>
  <testcase name="parameterIntTest" time="0.016" classname="testng.DataProviderTest2"/>
  <testcase name="parameterIntTest" time="0.007" classname="testng.DataProviderTest2"/>
  <testcase name="parameterIntTest" time="0.003" classname="testng.DataProviderTest2"/>
  <testcase name="parameterIntTest" time="0.008" classname="testng.DataProviderTest2"/>
  <testcase name="parameterIntTest" time="0.008" classname="testng.DataProviderTest2"/>
  <testcase name="parameterIntTest" time="0.015" classname="testng.DataProviderTest2"/>
  <testcase name="parameterIntTest" time="0.018" classname="testng.DataProviderTest2"/>
  <testcase name="parameterIntTest" time="0.006" classname="testng.DataProviderTest2"/>
  <testcase name="parameterIntTest" time="0.008" classname="testng.DataProviderTest2"/>
  <testcase name="parameterIntTest" time="0.031" classname="testng.DataProviderTest2"/>
  <testcase name="parameterIntTest" time="0.005" classname="testng.DataProviderTest2"/>
  <testcase name="parameterIntTest" time="0.013" classname="testng.DataProviderTest2"/>
  <testcase name="parameterIntTest" time="0.004" classname="testng.DataProviderTest2"/>
  <testcase name="parameterIntTest" time="0.015" classname="testng.DataProviderTest2"/>
  <testcase name="parameterIntTest" time="0.003" classname="testng.DataProviderTest2"/>
  <testcase name="parameterIntTest" time="0.052" classname="testng.DataProviderTest2"/>
  <testcase name="parameterIntTest" time="0.003" classname="testng.DataProviderTest2"/>
  <testcase name="parameterIntTest" time="0.006" classname="testng.DataProviderTest2"/>
  <testcase name="parameterIntTest" time="0.006" classname="testng.DataProviderTest2"/>
  <testcase name="parameterIntTest" time="0.068" classname="testng.DataProviderTest2"/>
  <testcase name="parameterIntTest" time="0.003" classname="testng.DataProviderTest2"/>
  <testcase name="parameterIntTest" time="0.004" classname="testng.DataProviderTest2"/>
  <testcase name="parameterIntTest" time="0.011" classname="testng.DataProviderTest2"/>
  <testcase name="parameterIntTest" time="0.007" classname="testng.DataProviderTest2"/>
  <testcase name="parameterIntTest" time="0.017" classname="testng.DataProviderTest2"/>
  <testcase name="parameterIntTest" time="0.009" classname="testng.DataProviderTest2"/>
  <testcase name="parameterIntTest" time="0.024" classname="testng.DataProviderTest2"/>
  <testcase name="parameterIntTest" time="0.005" classname="testng.DataProviderTest2"/>
  <testcase name="parameterIntTest" time="0.004" classname="testng.DataProviderTest2"/>
  <testcase name="parameterIntTest" time="0.004" classname="testng.DataProviderTest2"/>
  <testcase name="parameterIntTest" time="0.002" classname="testng.DataProviderTest2"/>
  <testcase name="parameterIntTest" time="0.024" classname="testng.DataProviderTest2"/>
  <testcase name="parameterIntTest" time="0.004" classname="testng.DataProviderTest2"/>
  <testcase name="parameterIntTest" time="0.003" classname="testng.DataProviderTest2"/>
  <testcase name="parameterIntTest" time="0.014" classname="testng.DataProviderTest2"/>
  <testcase name="parameterIntTest" time="0.002" classname="testng.DataProviderTest2"/>
  <testcase name="parameterIntTest" time="0.002" classname="testng.DataProviderTest2"/>
  <testcase name="parameterIntTest" time="0.02" classname="testng.DataProviderTest2"/>
  <testcase name="parameterIntTest" time="0.003" classname="testng.DataProviderTest2"/>
  <testcase name="parameterIntTest" time="0.019" classname="testng.DataProviderTest2"/>
  <testcase name="parameterIntTest" time="0.01" classname="testng.DataProviderTest2"/>
  <testcase name="parameterIntTest" time="0.002" classname="testng.DataProviderTest2"/>
  <testcase name="parameterIntTest" time="0.018" classname="testng.DataProviderTest2"/>
  <testcase name="parameterIntTest" time="0.008" classname="testng.DataProviderTest2"/>
  <testcase name="parameterIntTest" time="0.015" classname="testng.DataProviderTest2"/>
  <testcase name="parameterIntTest" time="0.002" classname="testng.DataProviderTest2"/>
  <testcase name="parameterIntTest" time="0.009" classname="testng.DataProviderTest2"/>
  <testcase name="parameterIntTest" time="0.003" classname="testng.DataProviderTest2"/>
  <testcase name="parameterIntTest" time="0.006" classname="testng.DataProviderTest2"/>
  <testcase name="parameterIntTest" time="0.009" classname="testng.DataProviderTest2"/>
  <testcase name="parameterIntTest" time="0.018" classname="testng.DataProviderTest2"/>
  <testcase name="parameterIntTest" time="0.011" classname="testng.DataProviderTest2"/>
  <testcase name="parameterIntTest" time="0.007" classname="testng.DataProviderTest2"/>
  <testcase name="parameterIntTest" time="0.005" classname="testng.DataProviderTest2"/>
  <testcase name="parameterIntTest" time="0.022" classname="testng.DataProviderTest2"/>
  <testcase name="parameterIntTest" time="0.023" classname="testng.DataProviderTest2"/>
  <testcase name="parameterIntTest" time="0.015" classname="testng.DataProviderTest2"/>
  <testcase name="parameterIntTest" time="0.026" classname="testng.DataProviderTest2"/>
  <testcase name="parameterIntTest" time="0.026" classname="testng.DataProviderTest2"/>
  <testcase name="parameterIntTest" time="0.018" classname="testng.DataProviderTest2"/>
  <testcase name="parameterIntTest" time="0.032" classname="testng.DataProviderTest2"/>
  <testcase name="parameterIntTest" time="0.044" classname="testng.DataProviderTest2"/>
  <testcase name="parameterIntTest" time="0.018" classname="testng.DataProviderTest2"/>
  <testcase name="parameterIntTest" time="0.014" classname="testng.DataProviderTest2"/>
  <testcase name="parameterIntTest" time="0.016" classname="testng.DataProviderTest2"/>
  <testcase name="parameterIntTest" time="0.015" classname="testng.DataProviderTest2"/>
  <testcase name="parameterIntTest" time="0.005" classname="testng.DataProviderTest2"/>
  <testcase name="parameterIntTest" time="0.005" classname="testng.DataProviderTest2"/>
  <testcase name="parameterIntTest" time="0.002" classname="testng.DataProviderTest2"/>
  <testcase name="parameterIntTest" time="0.019" classname="testng.DataProviderTest2"/>
  <testcase name="parameterIntTest" time="0.007" classname="testng.DataProviderTest2"/>
  <testcase name="parameterIntTest" time="0.005" classname="testng.DataProviderTest2"/>
  <testcase name="parameterIntTest" time="0.027" classname="testng.DataProviderTest2"/>
  <testcase name="parameterIntTest" time="0.028" classname="testng.DataProviderTest2"/>
  <testcase name="parameterIntTest" time="0.031" classname="testng.DataProviderTest2"/>
  <testcase name="parameterIntTest" time="0.004" classname="testng.DataProviderTest2"/>
  <testcase name="parameterIntTest" time="0.002" classname="testng.DataProviderTest2"/>
  <testcase name="parameterIntTest" time="0.002" classname="testng.DataProviderTest2"/>
  <testcase name="parameterIntTest" time="0.022" classname="testng.DataProviderTest2"/>
  <testcase name="parameterIntTest" time="0.029" classname="testng.DataProviderTest2"/>
  <testcase name="parameterIntTest" time="0.033" classname="testng.DataProviderTest2"/>
  <testcase name="parameterIntTest" time="0.016" classname="testng.DataProviderTest2"/>
  <testcase name="parameterIntTest" time="0.015" classname="testng.DataProviderTest2"/>
  <testcase name="parameterIntTest" time="0.003" classname="testng.DataProviderTest2"/>
  <testcase name="parameterIntTest" time="0.008" classname="testng.DataProviderTest2"/>
  <testcase name="parameterIntTest" time="0.012" classname="testng.DataProviderTest2"/>
  <testcase name="parameterIntTest" time="0.005" classname="testng.DataProviderTest2"/>
  <testcase name="parameterIntTest" time="0.003" classname="testng.DataProviderTest2"/>
  <testcase name="parameterIntTest" time="0.002" classname="testng.DataProviderTest2"/>
  <testcase name="parameterIntTest" time="0.003" classname="testng.DataProviderTest2"/>
  <testcase name="parameterIntTest" time="0.011" classname="testng.DataProviderTest2"/>
  <testcase name="parameterIntTest" time="0.012" classname="testng.DataProviderTest2"/>
  <testcase name="parameterIntTest" time="0.014" classname="testng.DataProviderTest2"/>
  <testcase name="parameterIntTest" time="0.005" classname="testng.DataProviderTest2"/>
  <testcase name="parameterIntTest" time="0.006" classname="testng.DataProviderTest2"/>
  <testcase name="parameterIntTest" time="0.016" classname="testng.DataProviderTest2"/>
  <testcase name="parameterIntTest" time="0.003" classname="testng.DataProviderTest2"/>
  <testcase name="parameterIntTest" time="0.004" classname="testng.DataProviderTest2"/>
  <testcase name="parameterIntTest" time="0.006" classname="testng.DataProviderTest2"/>
  <testcase name="parameterIntTest" time="0.004" classname="testng.DataProviderTest2"/>
  <testcase name="parameterIntTest" time="0.007" classname="testng.DataProviderTest2"/>
  <testcase name="parameterIntTest" time="0.003" classname="testng.DataProviderTest2"/>
  <testcase name="parameterIntTest" time="0.009" classname="testng.DataProviderTest2"/>
  <testcase name="parameterIntTest" time="0.003" classname="testng.DataProviderTest2"/>
  <testcase name="parameterIntTest" time="0.007" classname="testng.DataProviderTest2"/>
  <testcase name="parameterIntTest" time="0.004" classname="testng.DataProviderTest2"/>
  <testcase name="parameterIntTest" time="0.005" classname="testng.DataProviderTest2"/>
  <testcase name="parameterIntTest" time="0.001" classname="testng.DataProviderTest2"/>
  <testcase name="parameterIntTest" time="0.003" classname="testng.DataProviderTest2"/>
  <testcase name="parameterIntTest" time="0.003" classname="testng.DataProviderTest2"/>
  <testcase name="parameterIntTest" time="0.002" classname="testng.DataProviderTest2"/>
  <testcase name="parameterIntTest" time="0.001" classname="testng.DataProviderTest2"/>
  <testcase name="parameterIntTest" time="0.003" classname="testng.DataProviderTest2"/>
  <testcase name="parameterIntTest" time="0.019" classname="testng.DataProviderTest2"/>
  <testcase name="parameterIntTest" time="0.006" classname="testng.DataProviderTest2"/>
  <testcase name="parameterIntTest" time="0.001" classname="testng.DataProviderTest2"/>
  <testcase name="parameterIntTest" time="0.003" classname="testng.DataProviderTest2"/>
  <testcase name="parameterIntTest" time="0.025" classname="testng.DataProviderTest2"/>
  <testcase name="parameterIntTest" time="0.002" classname="testng.DataProviderTest2"/>
  <testcase name="parameterIntTest" time="0.005" classname="testng.DataProviderTest2"/>
  <testcase name="parameterIntTest" time="0.001" classname="testng.DataProviderTest2"/>
  <testcase name="parameterIntTest" time="0.025" classname="testng.DataProviderTest2"/>
  <testcase name="parameterIntTest" time="0.003" classname="testng.DataProviderTest2"/>
  <testcase name="parameterIntTest" time="0.004" classname="testng.DataProviderTest2"/>
  <testcase name="parameterIntTest" time="0.004" classname="testng.DataProviderTest2"/>
  <testcase name="parameterIntTest" time="0.002" classname="testng.DataProviderTest2"/>
  <testcase name="parameterIntTest" time="0.002" classname="testng.DataProviderTest2"/>
  <testcase name="parameterIntTest" time="0.003" classname="testng.DataProviderTest2"/>
  <testcase name="parameterIntTest" time="0.005" classname="testng.DataProviderTest2"/>
  <testcase name="parameterIntTest" time="0.004" classname="testng.DataProviderTest2"/>
  <testcase name="parameterIntTest" time="0.005" classname="testng.DataProviderTest2"/>
  <testcase name="parameterIntTest" time="0.003" classname="testng.DataProviderTest2"/>
  <testcase name="parameterIntTest" time="0.007" classname="testng.DataProviderTest2"/>
  <testcase name="parameterIntTest" time="0.011" classname="testng.DataProviderTest2"/>
  <testcase name="parameterIntTest" time="0.008" classname="testng.DataProviderTest2"/>
  <testcase name="parameterIntTest" time="0.004" classname="testng.DataProviderTest2"/>
  <testcase name="parameterIntTest" time="0.007" classname="testng.DataProviderTest2"/>
  <testcase name="parameterIntTest" time="0.011" classname="testng.DataProviderTest2"/>
  <testcase name="parameterIntTest" time="0.016" classname="testng.DataProviderTest2"/>
  <testcase name="parameterIntTest" time="0.003" classname="testng.DataProviderTest2"/>
  <testcase name="parameterIntTest" time="0.007" classname="testng.DataProviderTest2"/>
  <testcase name="parameterIntTest" time="0.009" classname="testng.DataProviderTest2"/>
  <testcase name="parameterIntTest" time="0.014" classname="testng.DataProviderTest2"/>
  <testcase name="parameterIntTest" time="0.007" classname="testng.DataProviderTest2"/>
  <testcase name="parameterIntTest" time="0.011" classname="testng.DataProviderTest2"/>
  <testcase name="parameterIntTest" time="0.013" classname="testng.DataProviderTest2"/>
  <testcase name="parameterIntTest" time="0.015" classname="testng.DataProviderTest2"/>
  <testcase name="parameterIntTest" time="0.002" classname="testng.DataProviderTest2"/>
  <testcase name="parameterIntTest" time="0.017" classname="testng.DataProviderTest2"/>
  <testcase name="parameterIntTest" time="0.004" classname="testng.DataProviderTest2"/>
  <testcase name="parameterIntTest" time="0.005" classname="testng.DataProviderTest2"/>
  <testcase name="parameterIntTest" time="0.005" classname="testng.DataProviderTest2"/>
  <testcase name="parameterIntTest" time="0.002" classname="testng.DataProviderTest2"/>
  <testcase name="parameterIntTest" time="0.035" classname="testng.DataProviderTest2"/>
  <testcase name="parameterIntTest" time="0.017" classname="testng.DataProviderTest2"/>
  <testcase name="parameterIntTest" time="0.009" classname="testng.DataProviderTest2"/>
  <testcase name="parameterIntTest" time="0.012" classname="testng.DataProviderTest2"/>
  <testcase name="parameterIntTest" time="0.015" classname="testng.DataProviderTest2"/>
  <testcase name="parameterIntTest" time="0.016" classname="testng.DataProviderTest2"/>
  <testcase name="parameterIntTest" time="0.003" classname="testng.DataProviderTest2"/>
  <testcase name="parameterIntTest" time="0.003" classname="testng.DataProviderTest2"/>
  <testcase name="parameterIntTest" time="0.003" classname="testng.DataProviderTest2"/>
  <testcase name="parameterIntTest" time="0.002" classname="testng.DataProviderTest2"/>
  <testcase name="parameterIntTest" time="0.033" classname="testng.DataProviderTest2"/>
  <testcase name="parameterIntTest" time="0.004" classname="testng.DataProviderTest2"/>
  <testcase name="parameterIntTest" time="0.008" classname="testng.DataProviderTest2"/>
  <testcase name="a" time="0.002" classname="testng.TestngTest2"/>
  <testcase name="b" time="0.001" classname="testng.TestngTest3"/>
  <testcase name="c" time="0.002" classname="testng.TestngTest3"/>
  <testcase name="f2" time="0.001" classname="testng.TestngTest3"/>
  <testcase name="a" time="0.003" classname="testng.TestngTest3"/>
  <testcase name="testcase" time="1.205" classname="testng.ApiTestNg">
    <failure type="java.lang.AssertionError" message="没有设置检查点 did not expect to find [true] but found [false]">
      <![CDATA[java.lang.AssertionError: 没有设置检查点 did not expect to find [true] but found [false]
at testng.ApiTestNg.testcase(ApiTestNg.java:105)
at java.util.concurrent.FutureTask.run(FutureTask.java:266)
at java.util.concurrent.Executors$RunnableAdapter.call(Executors.java:511)
at java.util.concurrent.FutureTask.run(FutureTask.java:266)
at java.util.concurrent.ThreadPoolExecutor.runWorker(ThreadPoolExecutor.java:1149)
at java.util.concurrent.ThreadPoolExecutor$Worker.run(ThreadPoolExecutor.java:624)
at java.lang.Thread.run(Thread.java:748)
... Removed 12 stack frames]]>
    </failure>
  </testcase> <!-- testcase -->
  <testcase name="testcase" time="1.205" classname="testng.ApiTestNg">
    <failure type="java.lang.AssertionError" message="没有设置检查点 did not expect to find [true] but found [false]">
      <![CDATA[java.lang.AssertionError: 没有设置检查点 did not expect to find [true] but found [false]
at testng.ApiTestNg.testcase(ApiTestNg.java:105)
at java.util.concurrent.FutureTask.run(FutureTask.java:266)
at java.util.concurrent.Executors$RunnableAdapter.call(Executors.java:511)
at java.util.concurrent.FutureTask.run(FutureTask.java:266)
at java.util.concurrent.ThreadPoolExecutor.runWorker(ThreadPoolExecutor.java:1149)
at java.util.concurrent.ThreadPoolExecutor$Worker.run(ThreadPoolExecutor.java:624)
at java.lang.Thread.run(Thread.java:748)
... Removed 12 stack frames]]>
    </failure>
  </testcase> <!-- testcase -->
</testsuite> <!-- Test1 -->
