<?xml version="1.0" encoding="UTF-8"?>
<testsuite name="Test1"
           tests="200"
           failures="0"
           errors="0"
           skipped="0"
           time="0.496">
  <properties />
  
  
            <testcase name="parameterIntTest" time="0.012" classname="testng.DataProviderTest2" />
                <testcase name="parameterIntTest" time="0.002" classname="testng.DataProviderTest2" />
                <testcase name="parameterIntTest" time="0.001" classname="testng.DataProviderTest2" />
                <testcase name="parameterIntTest" time="0.004" classname="testng.DataProviderTest2" />
                <testcase name="parameterIntTest" time="0.001" classname="testng.DataProviderTest2" />
                <testcase name="parameterIntTest" time="0.002" classname="testng.DataProviderTest2" />
                <testcase name="parameterIntTest" time="0.003" classname="testng.DataProviderTest2" />
                <testcase name="parameterIntTest" time="0.004" classname="testng.DataProviderTest2" />
                <testcase name="parameterIntTest" time="0.002" classname="testng.DataProviderTest2" />
                <testcase name="parameterIntTest" time="0.001" classname="testng.DataProviderTest2" />
                <testcase name="parameterIntTest" time="0.002" classname="testng.DataProviderTest2" />
                <testcase name="parameterIntTest" time="0.004" classname="testng.DataProviderTest2" />
                <testcase name="parameterIntTest" time="0.002" classname="testng.DataProviderTest2" />
                <testcase name="parameterIntTest" time="0.001" classname="testng.DataProviderTest2" />
                <testcase name="parameterIntTest" time="0.004" classname="testng.DataProviderTest2" />
                <testcase name="parameterIntTest" time="0.003" classname="testng.DataProviderTest2" />
                <testcase name="parameterIntTest" time="0.002" classname="testng.DataProviderTest2" />
                <testcase name="parameterIntTest" time="0.003" classname="testng.DataProviderTest2" />
                <testcase name="parameterIntTest" time="0.001" classname="testng.DataProviderTest2" />
                <testcase name="parameterIntTest" time="0.002" classname="testng.DataProviderTest2" />
                <testcase name="parameterIntTest" time="0.005" classname="testng.DataProviderTest2" />
                <testcase name="parameterIntTest" time="0.003" classname="testng.DataProviderTest2" />
                <testcase name="parameterIntTest" time="0.001" classname="testng.DataProviderTest2" />
                <testcase name="parameterIntTest" time="0.001" classname="testng.DataProviderTest2" />
                <testcase name="parameterIntTest" time="0.004" classname="testng.DataProviderTest2" />
                <testcase name="parameterIntTest" time="0.001" classname="testng.DataProviderTest2" />
                <testcase name="parameterIntTest" time="0.002" classname="testng.DataProviderTest2" />
                <testcase name="parameterIntTest" time="0.002" classname="testng.DataProviderTest2" />
                <testcase name="parameterIntTest" time="0.003" classname="testng.DataProviderTest2" />
                <testcase name="parameterIntTest" time="0.001" classname="testng.DataProviderTest2" />
                <testcase name="parameterIntTest" time="0.002" classname="testng.DataProviderTest2" />
                <testcase name="parameterIntTest" time="0.001" classname="testng.DataProviderTest2" />
                <testcase name="parameterIntTest" time="0.002" classname="testng.DataProviderTest2" />
                <testcase name="parameterIntTest" time="0.006" classname="testng.DataProviderTest2" />
                <testcase name="parameterIntTest" time="0.003" classname="testng.DataProviderTest2" />
                <testcase name="parameterIntTest" time="0.001" classname="testng.DataProviderTest2" />
                <testcase name="parameterIntTest" time="0.002" classname="testng.DataProviderTest2" />
                <testcase name="parameterIntTest" time="0.012" classname="testng.DataProviderTest2" />
                <testcase name="parameterIntTest" time="0.003" classname="testng.DataProviderTest2" />
                <testcase name="parameterIntTest" time="0.003" classname="testng.DataProviderTest2" />
                <testcase name="parameterIntTest" time="0.004" classname="testng.DataProviderTest2" />
                <testcase name="parameterIntTest" time="0.002" classname="testng.DataProviderTest2" />
                <testcase name="parameterIntTest" time="0.002" classname="testng.DataProviderTest2" />
                <testcase name="parameterIntTest" time="0.001" classname="testng.DataProviderTest2" />
                <testcase name="parameterIntTest" time="0.002" classname="testng.DataProviderTest2" />
                <testcase name="parameterIntTest" time="0.003" classname="testng.DataProviderTest2" />
                <testcase name="parameterIntTest" time="0.002" classname="testng.DataProviderTest2" />
                <testcase name="parameterIntTest" time="0.003" classname="testng.DataProviderTest2" />
                <testcase name="parameterIntTest" time="0.000" classname="testng.DataProviderTest2" />
                <testcase name="parameterIntTest" time="0.001" classname="testng.DataProviderTest2" />
                <testcase name="parameterIntTest" time="0.001" classname="testng.DataProviderTest2" />
                <testcase name="parameterIntTest" time="0.002" classname="testng.DataProviderTest2" />
                <testcase name="parameterIntTest" time="0.003" classname="testng.DataProviderTest2" />
                <testcase name="parameterIntTest" time="0.001" classname="testng.DataProviderTest2" />
                <testcase name="parameterIntTest" time="0.003" classname="testng.DataProviderTest2" />
                <testcase name="parameterIntTest" time="0.001" classname="testng.DataProviderTest2" />
                <testcase name="parameterIntTest" time="0.001" classname="testng.DataProviderTest2" />
                <testcase name="parameterIntTest" time="0.001" classname="testng.DataProviderTest2" />
                <testcase name="parameterIntTest" time="0.001" classname="testng.DataProviderTest2" />
                <testcase name="parameterIntTest" time="0.001" classname="testng.DataProviderTest2" />
                <testcase name="parameterIntTest" time="0.004" classname="testng.DataProviderTest2" />
                <testcase name="parameterIntTest" time="0.007" classname="testng.DataProviderTest2" />
                <testcase name="parameterIntTest" time="0.003" classname="testng.DataProviderTest2" />
                <testcase name="parameterIntTest" time="0.001" classname="testng.DataProviderTest2" />
                <testcase name="parameterIntTest" time="0.002" classname="testng.DataProviderTest2" />
                <testcase name="parameterIntTest" time="0.001" classname="testng.DataProviderTest2" />
                <testcase name="parameterIntTest" time="0.003" classname="testng.DataProviderTest2" />
                <testcase name="parameterIntTest" time="0.003" classname="testng.DataProviderTest2" />
                <testcase name="parameterIntTest" time="0.002" classname="testng.DataProviderTest2" />
                <testcase name="parameterIntTest" time="0.002" classname="testng.DataProviderTest2" />
                <testcase name="parameterIntTest" time="0.001" classname="testng.DataProviderTest2" />
                <testcase name="parameterIntTest" time="0.001" classname="testng.DataProviderTest2" />
                <testcase name="parameterIntTest" time="0.002" classname="testng.DataProviderTest2" />
                <testcase name="parameterIntTest" time="0.001" classname="testng.DataProviderTest2" />
                <testcase name="parameterIntTest" time="0.001" classname="testng.DataProviderTest2" />
                <testcase name="parameterIntTest" time="0.002" classname="testng.DataProviderTest2" />
                <testcase name="parameterIntTest" time="0.001" classname="testng.DataProviderTest2" />
                <testcase name="parameterIntTest" time="0.001" classname="testng.DataProviderTest2" />
                <testcase name="parameterIntTest" time="0.002" classname="testng.DataProviderTest2" />
                <testcase name="parameterIntTest" time="0.001" classname="testng.DataProviderTest2" />
                <testcase name="parameterIntTest" time="0.006" classname="testng.DataProviderTest2" />
                <testcase name="parameterIntTest" time="0.001" classname="testng.DataProviderTest2" />
                <testcase name="parameterIntTest" time="0.008" classname="testng.DataProviderTest2" />
                <testcase name="parameterIntTest" time="0.001" classname="testng.DataProviderTest2" />
                <testcase name="parameterIntTest" time="0.005" classname="testng.DataProviderTest2" />
                <testcase name="parameterIntTest" time="0.003" classname="testng.DataProviderTest2" />
                <testcase name="parameterIntTest" time="0.007" classname="testng.DataProviderTest2" />
                <testcase name="parameterIntTest" time="0.001" classname="testng.DataProviderTest2" />
                <testcase name="parameterIntTest" time="0.002" classname="testng.DataProviderTest2" />
                <testcase name="parameterIntTest" time="0.002" classname="testng.DataProviderTest2" />
                <testcase name="parameterIntTest" time="0.001" classname="testng.DataProviderTest2" />
                <testcase name="parameterIntTest" time="0.002" classname="testng.DataProviderTest2" />
                <testcase name="parameterIntTest" time="0.002" classname="testng.DataProviderTest2" />
                <testcase name="parameterIntTest" time="0.002" classname="testng.DataProviderTest2" />
                <testcase name="parameterIntTest" time="0.001" classname="testng.DataProviderTest2" />
                <testcase name="parameterIntTest" time="0.001" classname="testng.DataProviderTest2" />
                <testcase name="parameterIntTest" time="0.001" classname="testng.DataProviderTest2" />
                <testcase name="parameterIntTest" time="0.001" classname="testng.DataProviderTest2" />
                <testcase name="parameterIntTest" time="0.002" classname="testng.DataProviderTest2" />
                <testcase name="parameterIntTest" time="0.001" classname="testng.DataProviderTest2" />
                <testcase name="parameterIntTest" time="0.001" classname="testng.DataProviderTest2" />
                <testcase name="parameterIntTest" time="0.001" classname="testng.DataProviderTest2" />
                <testcase name="parameterIntTest" time="0.001" classname="testng.DataProviderTest2" />
                <testcase name="parameterIntTest" time="0.002" classname="testng.DataProviderTest2" />
                <testcase name="parameterIntTest" time="0.003" classname="testng.DataProviderTest2" />
                <testcase name="parameterIntTest" time="0.008" classname="testng.DataProviderTest2" />
                <testcase name="parameterIntTest" time="0.002" classname="testng.DataProviderTest2" />
                <testcase name="parameterIntTest" time="0.006" classname="testng.DataProviderTest2" />
                <testcase name="parameterIntTest" time="0.001" classname="testng.DataProviderTest2" />
                <testcase name="parameterIntTest" time="0.003" classname="testng.DataProviderTest2" />
                <testcase name="parameterIntTest" time="0.004" classname="testng.DataProviderTest2" />
                <testcase name="parameterIntTest" time="0.004" classname="testng.DataProviderTest2" />
                <testcase name="parameterIntTest" time="0.007" classname="testng.DataProviderTest2" />
                <testcase name="parameterIntTest" time="0.002" classname="testng.DataProviderTest2" />
                <testcase name="parameterIntTest" time="0.003" classname="testng.DataProviderTest2" />
                <testcase name="parameterIntTest" time="0.003" classname="testng.DataProviderTest2" />
                <testcase name="parameterIntTest" time="0.001" classname="testng.DataProviderTest2" />
                <testcase name="parameterIntTest" time="0.003" classname="testng.DataProviderTest2" />
                <testcase name="parameterIntTest" time="0.004" classname="testng.DataProviderTest2" />
                <testcase name="parameterIntTest" time="0.001" classname="testng.DataProviderTest2" />
                <testcase name="parameterIntTest" time="0.001" classname="testng.DataProviderTest2" />
                <testcase name="parameterIntTest" time="0.002" classname="testng.DataProviderTest2" />
                <testcase name="parameterIntTest" time="0.004" classname="testng.DataProviderTest2" />
                <testcase name="parameterIntTest" time="0.003" classname="testng.DataProviderTest2" />
                <testcase name="parameterIntTest" time="0.002" classname="testng.DataProviderTest2" />
                <testcase name="parameterIntTest" time="0.004" classname="testng.DataProviderTest2" />
                <testcase name="parameterIntTest" time="0.003" classname="testng.DataProviderTest2" />
                <testcase name="parameterIntTest" time="0.001" classname="testng.DataProviderTest2" />
                <testcase name="parameterIntTest" time="0.002" classname="testng.DataProviderTest2" />
                <testcase name="parameterIntTest" time="0.001" classname="testng.DataProviderTest2" />
                <testcase name="parameterIntTest" time="0.003" classname="testng.DataProviderTest2" />
                <testcase name="parameterIntTest" time="0.002" classname="testng.DataProviderTest2" />
                <testcase name="parameterIntTest" time="0.003" classname="testng.DataProviderTest2" />
                <testcase name="parameterIntTest" time="0.001" classname="testng.DataProviderTest2" />
                <testcase name="parameterIntTest" time="0.002" classname="testng.DataProviderTest2" />
                <testcase name="parameterIntTest" time="0.003" classname="testng.DataProviderTest2" />
                <testcase name="parameterIntTest" time="0.001" classname="testng.DataProviderTest2" />
                <testcase name="parameterIntTest" time="0.002" classname="testng.DataProviderTest2" />
                <testcase name="parameterIntTest" time="0.004" classname="testng.DataProviderTest2" />
                <testcase name="parameterIntTest" time="0.001" classname="testng.DataProviderTest2" />
                <testcase name="parameterIntTest" time="0.002" classname="testng.DataProviderTest2" />
                <testcase name="parameterIntTest" time="0.001" classname="testng.DataProviderTest2" />
                <testcase name="parameterIntTest" time="0.001" classname="testng.DataProviderTest2" />
                <testcase name="parameterIntTest" time="0.003" classname="testng.DataProviderTest2" />
                <testcase name="parameterIntTest" time="0.002" classname="testng.DataProviderTest2" />
                <testcase name="parameterIntTest" time="0.004" classname="testng.DataProviderTest2" />
                <testcase name="parameterIntTest" time="0.008" classname="testng.DataProviderTest2" />
                <testcase name="parameterIntTest" time="0.004" classname="testng.DataProviderTest2" />
                <testcase name="parameterIntTest" time="0.002" classname="testng.DataProviderTest2" />
                <testcase name="parameterIntTest" time="0.001" classname="testng.DataProviderTest2" />
                <testcase name="parameterIntTest" time="0.012" classname="testng.DataProviderTest2" />
                <testcase name="parameterIntTest" time="0.001" classname="testng.DataProviderTest2" />
                <testcase name="parameterIntTest" time="0.005" classname="testng.DataProviderTest2" />
                <testcase name="parameterIntTest" time="0.004" classname="testng.DataProviderTest2" />
                <testcase name="parameterIntTest" time="0.002" classname="testng.DataProviderTest2" />
                <testcase name="parameterIntTest" time="0.002" classname="testng.DataProviderTest2" />
                <testcase name="parameterIntTest" time="0.003" classname="testng.DataProviderTest2" />
                <testcase name="parameterIntTest" time="0.003" classname="testng.DataProviderTest2" />
                <testcase name="parameterIntTest" time="0.001" classname="testng.DataProviderTest2" />
                <testcase name="parameterIntTest" time="0.003" classname="testng.DataProviderTest2" />
                <testcase name="parameterIntTest" time="0.001" classname="testng.DataProviderTest2" />
                <testcase name="parameterIntTest" time="0.002" classname="testng.DataProviderTest2" />
                <testcase name="parameterIntTest" time="0.002" classname="testng.DataProviderTest2" />
                <testcase name="parameterIntTest" time="0.007" classname="testng.DataProviderTest2" />
                <testcase name="parameterIntTest" time="0.003" classname="testng.DataProviderTest2" />
                <testcase name="parameterIntTest" time="0.003" classname="testng.DataProviderTest2" />
                <testcase name="parameterIntTest" time="0.001" classname="testng.DataProviderTest2" />
                <testcase name="parameterIntTest" time="0.002" classname="testng.DataProviderTest2" />
                <testcase name="parameterIntTest" time="0.004" classname="testng.DataProviderTest2" />
                <testcase name="parameterIntTest" time="0.001" classname="testng.DataProviderTest2" />
                <testcase name="parameterIntTest" time="0.002" classname="testng.DataProviderTest2" />
                <testcase name="parameterIntTest" time="0.002" classname="testng.DataProviderTest2" />
                <testcase name="parameterIntTest" time="0.002" classname="testng.DataProviderTest2" />
                <testcase name="parameterIntTest" time="0.001" classname="testng.DataProviderTest2" />
                <testcase name="parameterIntTest" time="0.002" classname="testng.DataProviderTest2" />
                <testcase name="parameterIntTest" time="0.002" classname="testng.DataProviderTest2" />
                <testcase name="parameterIntTest" time="0.001" classname="testng.DataProviderTest2" />
                <testcase name="parameterIntTest" time="0.002" classname="testng.DataProviderTest2" />
                <testcase name="parameterIntTest" time="0.001" classname="testng.DataProviderTest2" />
                <testcase name="parameterIntTest" time="0.001" classname="testng.DataProviderTest2" />
                <testcase name="parameterIntTest" time="0.002" classname="testng.DataProviderTest2" />
                <testcase name="parameterIntTest" time="0.001" classname="testng.DataProviderTest2" />
                <testcase name="parameterIntTest" time="0.001" classname="testng.DataProviderTest2" />
                <testcase name="parameterIntTest" time="0.003" classname="testng.DataProviderTest2" />
                <testcase name="parameterIntTest" time="0.003" classname="testng.DataProviderTest2" />
                <testcase name="parameterIntTest" time="0.002" classname="testng.DataProviderTest2" />
                <testcase name="parameterIntTest" time="0.001" classname="testng.DataProviderTest2" />
                <testcase name="parameterIntTest" time="0.002" classname="testng.DataProviderTest2" />
                <testcase name="parameterIntTest" time="0.002" classname="testng.DataProviderTest2" />
                <testcase name="parameterIntTest" time="0.001" classname="testng.DataProviderTest2" />
                <testcase name="parameterIntTest" time="0.002" classname="testng.DataProviderTest2" />
                <testcase name="parameterIntTest" time="0.003" classname="testng.DataProviderTest2" />
                <testcase name="parameterIntTest" time="0.002" classname="testng.DataProviderTest2" />
                <testcase name="parameterIntTest" time="0.004" classname="testng.DataProviderTest2" />
                <testcase name="parameterIntTest" time="0.009" classname="testng.DataProviderTest2" />
                <testcase name="parameterIntTest" time="0.002" classname="testng.DataProviderTest2" />
                <testcase name="parameterIntTest" time="0.001" classname="testng.DataProviderTest2" />
                <testcase name="parameterIntTest" time="0.001" classname="testng.DataProviderTest2" />
                <testcase name="parameterIntTest" time="0.001" classname="testng.DataProviderTest2" />
                <testcase name="parameterIntTest" time="0.002" classname="testng.DataProviderTest2" />
      
</testsuite>
